DEBUG main org.springframework.data.graph.neo4j.support.SubReferenceNodeTypeStrategy - Found class Char for node: Node[15866]
INFO main org.springframework.data.graph.neo4j.support.node.Neo4jConstructorGraphEntityInstantiator - Using class de.mpg.mis.neuesbibliothekssystem.misTree.domain.Char no-arg constructor
DEBUG main org.springframework.data.graph.neo4j.support.SubReferenceNodeTypeStrategy - Found class Char for node: Node[15671]
INFO main org.springframework.data.graph.neo4j.support.node.Neo4jConstructorGraphEntityInstantiator - Using class de.mpg.mis.neuesbibliothekssystem.misTree.domain.Char no-arg constructor
DEBUG main org.springframework.beans.factory.support.DefaultListableBeanFactory - Returning cached instance of singleton bean 'transactionManager'
DEBUG main org.springframework.transaction.jta.JtaTransactionManager - Participating in existing transaction
DEBUG main org.springframework.beans.factory.support.DefaultListableBeanFactory - Returning cached instance of singleton bean 'transactionManager'
DEBUG main org.springframework.transaction.jta.JtaTransactionManager - Participating in existing transaction
DEBUG main org.springframework.data.graph.neo4j.support.SubReferenceNodeTypeStrategy - Found class Char for node: Node[15932]
INFO main org.springframework.data.graph.neo4j.support.node.Neo4jConstructorGraphEntityInstantiator - Using class de.mpg.mis.neuesbibliothekssystem.misTree.domain.Char no-arg constructor
DEBUG main org.springframework.beans.factory.support.DefaultListableBeanFactory - Returning cached instance of singleton bean 'transactionManager'
DEBUG main org.springframework.transaction.jta.JtaTransactionManager - Participating in existing transaction
DEBUG main org.springframework.beans.factory.support.DefaultListableBeanFactory - Returning cached instance of singleton bean 'transactionManager'
DEBUG main org.springframework.transaction.jta.JtaTransactionManager - Participating in existing transaction
DEBUG main org.springframework.data.graph.neo4j.support.SubReferenceNodeTypeStrategy - Found class Char for node: Node[15933]
INFO main org.springframework.data.graph.neo4j.support.node.Neo4jConstructorGraphEntityInstantiator - Using class de.mpg.mis.neuesbibliothekssystem.misTree.domain.Char no-arg constructor
DEBUG main org.springframework.data.graph.neo4j.support.SubReferenceNodeTypeStrategy - Found class Char for node: Node[15938]
INFO main org.springframework.data.graph.neo4j.support.node.Neo4jConstructorGraphEntityInstantiator - Using class de.mpg.mis.neuesbibliothekssystem.misTree.domain.Char no-arg constructor
DEBUG main org.springframework.data.graph.neo4j.support.SubReferenceNodeTypeStrategy - Found class Char for node: Node[15943]
INFO main org.springframework.data.graph.neo4j.support.node.Neo4jConstructorGraphEntityInstantiator - Using class de.mpg.mis.neuesbibliothekssystem.misTree.domain.Char no-arg constructor
DEBUG main org.springframework.beans.factory.support.DefaultListableBeanFactory - Returning cached instance of singleton bean 'transactionManager'
DEBUG main org.springframework.transaction.jta.JtaTransactionManager - Participating in existing transaction
DEBUG main org.springframework.beans.factory.support.DefaultListableBeanFactory - Returning cached instance of singleton bean 'transactionManager'
DEBUG main org.springframework.transaction.jta.JtaTransactionManager - Participating in existing transaction
DEBUG main org.springframework.data.graph.neo4j.support.SubReferenceNodeTypeStrategy - Found class Char for node: Node[15944]
INFO main org.springframework.data.graph.neo4j.support.node.Neo4jConstructorGraphEntityInstantiator - Using class de.mpg.mis.neuesbibliothekssystem.misTree.domain.Char no-arg constructor
INFO main org.springframework.data.graph.neo4j.fieldaccess.DefaultEntityStateAccessors - User-defined constructor called on class class de.mpg.mis.neuesbibliothekssystem.misTree.domain.Char; created Node [Node[15946]]; Updating metamodel
DEBUG main org.springframework.data.graph.neo4j.support.SubReferenceNodeTypeStrategy - Created link to subref node: Node[7] with type: de.mpg.mis.neuesbibliothekssystem.misTree.domain.Char
DEBUG main org.springframework.data.graph.neo4j.support.SubReferenceNodeTypeStrategy - count on ref Node[3] for class Tree = 15941
DEBUG main org.springframework.data.graph.neo4j.support.SubReferenceNodeTypeStrategy - count on ref Node[4] for class IndexNode = 15941
DEBUG main org.springframework.data.graph.neo4j.support.SubReferenceNodeTypeStrategy - count on ref Node[5] for class Object = 15941
DEBUG main org.springframework.beans.factory.support.DefaultListableBeanFactory - Returning cached instance of singleton bean 'transactionManager'
DEBUG main org.springframework.transaction.jta.JtaTransactionManager - Participating in existing transaction
DEBUG main org.springframework.beans.factory.support.DefaultListableBeanFactory - Returning cached instance of singleton bean 'transactionManager'
DEBUG main org.springframework.transaction.jta.JtaTransactionManager - Participating in existing transaction
INFO main org.springframework.data.graph.neo4j.fieldaccess.DefaultEntityStateAccessors - User-defined constructor called on class class de.mpg.mis.neuesbibliothekssystem.misTree.domain.Char; created Node [Node[15947]]; Updating metamodel
DEBUG main org.springframework.data.graph.neo4j.support.SubReferenceNodeTypeStrategy - Created link to subref node: Node[7] with type: de.mpg.mis.neuesbibliothekssystem.misTree.domain.Char
DEBUG main org.springframework.data.graph.neo4j.support.SubReferenceNodeTypeStrategy - count on ref Node[3] for class Tree = 15942
DEBUG main org.springframework.data.graph.neo4j.support.SubReferenceNodeTypeStrategy - count on ref Node[4] for class IndexNode = 15942
DEBUG main org.springframework.data.graph.neo4j.support.SubReferenceNodeTypeStrategy - count on ref Node[5] for class Object = 15942
DEBUG main org.springframework.beans.factory.support.DefaultListableBeanFactory - Returning cached instance of singleton bean 'transactionManager'
DEBUG main org.springframework.transaction.jta.JtaTransactionManager - Participating in existing transaction
DEBUG main org.springframework.beans.factory.support.DefaultListableBeanFactory - Returning cached instance of singleton bean 'transactionManager'
DEBUG main org.springframework.transaction.jta.JtaTransactionManager - Participating in existing transaction
DEBUG main org.springframework.data.graph.neo4j.support.SubReferenceNodeTypeStrategy - Found class Char for node: Node[6]
INFO main org.springframework.data.graph.neo4j.support.node.Neo4jConstructorGraphEntityInstantiator - Using class de.mpg.mis.neuesbibliothekssystem.misTree.domain.Char no-arg constructor
DEBUG main org.springframework.beans.factory.support.DefaultListableBeanFactory - Returning cached instance of singleton bean 'transactionManager'
DEBUG main org.springframework.transaction.jta.JtaTransactionManager - Participating in existing transaction
DEBUG main org.springframework.beans.factory.support.DefaultListableBeanFactory - Returning cached instance of singleton bean 'transactionManager'
DEBUG main org.springframework.transaction.jta.JtaTransactionManager - Participating in existing transaction
DEBUG main org.springframework.data.graph.neo4j.support.SubReferenceNodeTypeStrategy - Found class Char for node: Node[8]
INFO main org.springframework.data.graph.neo4j.support.node.Neo4jConstructorGraphEntityInstantiator - Using class de.mpg.mis.neuesbibliothekssystem.misTree.domain.Char no-arg constructor
DEBUG main org.springframework.beans.factory.support.DefaultListableBeanFactory - Returning cached instance of singleton bean 'transactionManager'
DEBUG main org.springframework.transaction.jta.JtaTransactionManager - Participating in existing transaction
DEBUG main org.springframework.beans.factory.support.DefaultListableBeanFactory - Returning cached instance of singleton bean 'transactionManager'
DEBUG main org.springframework.transaction.jta.JtaTransactionManager - Participating in existing transaction
DEBUG main org.springframework.data.graph.neo4j.support.SubReferenceNodeTypeStrategy - Found class Char for node: Node[9]
INFO main org.springframework.data.graph.neo4j.support.node.Neo4jConstructorGraphEntityInstantiator - Using class de.mpg.mis.neuesbibliothekssystem.misTree.domain.Char no-arg constructor
DEBUG main org.springframework.beans.factory.support.DefaultListableBeanFactory - Returning cached instance of singleton bean 'transactionManager'
DEBUG main org.springframework.transaction.jta.JtaTransactionManager - Participating in existing transaction
DEBUG main org.springframework.beans.factory.support.DefaultListableBeanFactory - Returning cached instance of singleton bean 'transactionManager'
DEBUG main org.springframework.transaction.jta.JtaTransactionManager - Participating in existing transaction
DEBUG main org.springframework.data.graph.neo4j.support.SubReferenceNodeTypeStrategy - Found class Char for node: Node[10]
INFO main org.springframework.data.graph.neo4j.support.node.Neo4jConstructorGraphEntityInstantiator - Using class de.mpg.mis.neuesbibliothekssystem.misTree.domain.Char no-arg constructor
DEBUG main org.springframework.beans.factory.support.DefaultListableBeanFactory - Returning cached instance of singleton bean 'transactionManager'
DEBUG main org.springframework.transaction.jta.JtaTransactionManager - Participating in existing transaction
DEBUG main org.springframework.beans.factory.support.DefaultListableBeanFactory - Returning cached instance of singleton bean 'transactionManager'
DEBUG main org.springframework.transaction.jta.JtaTransactionManager - Participating in existing transaction
DEBUG main org.springframework.data.graph.neo4j.support.SubReferenceNodeTypeStrategy - Found class Char for node: Node[11]
INFO main org.springframework.data.graph.neo4j.support.node.Neo4jConstructorGraphEntityInstantiator - Using class de.mpg.mis.neuesbibliothekssystem.misTree.domain.Char no-arg constructor
DEBUG main org.springframework.data.graph.neo4j.support.SubReferenceNodeTypeStrategy - Found class Char for node: Node[13711]
INFO main org.springframework.data.graph.neo4j.support.node.Neo4jConstructorGraphEntityInstantiator - Using class de.mpg.mis.neuesbibliothekssystem.misTree.domain.Char no-arg constructor
DEBUG main org.springframework.beans.factory.support.DefaultListableBeanFactory - Returning cached instance of singleton bean 'transactionManager'
DEBUG main org.springframework.transaction.jta.JtaTransactionManager - Participating in existing transaction
DEBUG main org.springframework.beans.factory.support.DefaultListableBeanFactory - Returning cached instance of singleton bean 'transactionManager'
DEBUG main org.springframework.transaction.jta.JtaTransactionManager - Participating in existing transaction
DEBUG main org.springframework.data.graph.neo4j.support.SubReferenceNodeTypeStrategy - Found class Char for node: Node[13712]
INFO main org.springframework.data.graph.neo4j.support.node.Neo4jConstructorGraphEntityInstantiator - Using class de.mpg.mis.neuesbibliothekssystem.misTree.domain.Char no-arg constructor
DEBUG main org.springframework.data.graph.neo4j.support.SubReferenceNodeTypeStrategy - Found class Char for node: Node[15669]
INFO main org.springframework.data.graph.neo4j.support.node.Neo4jConstructorGraphEntityInstantiator - Using class de.mpg.mis.neuesbibliothekssystem.misTree.domain.Char no-arg constructor
DEBUG main org.springframework.beans.factory.support.DefaultListableBeanFactory - Returning cached instance of singleton bean 'transactionManager'
DEBUG main org.springframework.transaction.jta.JtaTransactionManager - Participating in existing transaction
DEBUG main org.springframework.beans.factory.support.DefaultListableBeanFactory - Returning cached instance of singleton bean 'transactionManager'
DEBUG main org.springframework.transaction.jta.JtaTransactionManager - Participating in existing transaction
DEBUG main org.springframework.data.graph.neo4j.support.SubReferenceNodeTypeStrategy - Found class Char for node: Node[15670]
INFO main org.springframework.data.graph.neo4j.support.node.Neo4jConstructorGraphEntityInstantiator - Using class de.mpg.mis.neuesbibliothekssystem.misTree.domain.Char no-arg constructor
DEBUG main org.springframework.beans.factory.support.DefaultListableBeanFactory - Returning cached instance of singleton bean 'transactionManager'
DEBUG main org.springframework.transaction.jta.JtaTransactionManager - Participating in existing transaction
DEBUG main org.springframework.beans.factory.support.DefaultListableBeanFactory - Returning cached instance of singleton bean 'transactionManager'
DEBUG main org.springframework.transaction.jta.JtaTransactionManager - Participating in existing transaction
DEBUG main org.springframework.data.graph.neo4j.support.SubReferenceNodeTypeStrategy - Found class Char for node: Node[15736]
INFO main org.springframework.data.graph.neo4j.support.node.Neo4jConstructorGraphEntityInstantiator - Using class de.mpg.mis.neuesbibliothekssystem.misTree.domain.Char no-arg constructor
DEBUG main org.springframework.data.graph.neo4j.support.SubReferenceNodeTypeStrategy - Found class Char for node: Node[15931]
INFO main org.springframework.data.graph.neo4j.support.node.Neo4jConstructorGraphEntityInstantiator - Using class de.mpg.mis.neuesbibliothekssystem.misTree.domain.Char no-arg constructor
DEBUG main org.springframework.data.graph.neo4j.support.SubReferenceNodeTypeStrategy - Found class Char for node: Node[15801]
INFO main org.springframework.data.graph.neo4j.support.node.Neo4jConstructorGraphEntityInstantiator - Using class de.mpg.mis.neuesbibliothekssystem.misTree.domain.Char no-arg constructor
DEBUG main org.springframework.data.graph.neo4j.support.SubReferenceNodeTypeStrategy - Found class Char for node: Node[15866]
INFO main org.springframework.data.graph.neo4j.support.node.Neo4jConstructorGraphEntityInstantiator - Using class de.mpg.mis.neuesbibliothekssystem.misTree.domain.Char no-arg constructor
DEBUG main org.springframework.data.graph.neo4j.support.SubReferenceNodeTypeStrategy - Found class Char for node: Node[15671]
INFO main org.springframework.data.graph.neo4j.support.node.Neo4jConstructorGraphEntityInstantiator - Using class de.mpg.mis.neuesbibliothekssystem.misTree.domain.Char no-arg constructor
DEBUG main org.springframework.beans.factory.support.DefaultListableBeanFactory - Returning cached instance of singleton bean 'transactionManager'
DEBUG main org.springframework.transaction.jta.JtaTransactionManager - Participating in existing transaction
DEBUG main org.springframework.beans.factory.support.DefaultListableBeanFactory - Returning cached instance of singleton bean 'transactionManager'
DEBUG main org.springframework.transaction.jta.JtaTransactionManager - Participating in existing transaction
DEBUG main org.springframework.data.graph.neo4j.support.SubReferenceNodeTypeStrategy - Found class Char for node: Node[15932]
INFO main org.springframework.data.graph.neo4j.support.node.Neo4jConstructorGraphEntityInstantiator - Using class de.mpg.mis.neuesbibliothekssystem.misTree.domain.Char no-arg constructor
INFO main org.springframework.data.graph.neo4j.fieldaccess.DefaultEntityStateAccessors - User-defined constructor called on class class de.mpg.mis.neuesbibliothekssystem.misTree.domain.Char; created Node [Node[15948]]; Updating metamodel
DEBUG main org.springframework.data.graph.neo4j.support.SubReferenceNodeTypeStrategy - Created link to subref node: Node[7] with type: de.mpg.mis.neuesbibliothekssystem.misTree.domain.Char
DEBUG main org.springframework.data.graph.neo4j.support.SubReferenceNodeTypeStrategy - count on ref Node[3] for class Tree = 15943
DEBUG main org.springframework.data.graph.neo4j.support.SubReferenceNodeTypeStrategy - count on ref Node[4] for class IndexNode = 15943
DEBUG main org.springframework.data.graph.neo4j.support.SubReferenceNodeTypeStrategy - count on ref Node[5] for class Object = 15943
DEBUG main org.springframework.beans.factory.support.DefaultListableBeanFactory - Returning cached instance of singleton bean 'transactionManager'
DEBUG main org.springframework.transaction.jta.JtaTransactionManager - Participating in existing transaction
DEBUG main org.springframework.beans.factory.support.DefaultListableBeanFactory - Returning cached instance of singleton bean 'transactionManager'
DEBUG main org.springframework.transaction.jta.JtaTransactionManager - Participating in existing transaction
INFO main org.springframework.data.graph.neo4j.fieldaccess.DefaultEntityStateAccessors - User-defined constructor called on class class de.mpg.mis.neuesbibliothekssystem.misTree.domain.Char; created Node [Node[15949]]; Updating metamodel
DEBUG main org.springframework.data.graph.neo4j.support.SubReferenceNodeTypeStrategy - Created link to subref node: Node[7] with type: de.mpg.mis.neuesbibliothekssystem.misTree.domain.Char
DEBUG main org.springframework.data.graph.neo4j.support.SubReferenceNodeTypeStrategy - count on ref Node[3] for class Tree = 15944
DEBUG main org.springframework.data.graph.neo4j.support.SubReferenceNodeTypeStrategy - count on ref Node[4] for class IndexNode = 15944
DEBUG main org.springframework.data.graph.neo4j.support.SubReferenceNodeTypeStrategy - count on ref Node[5] for class Object = 15944
DEBUG main org.springframework.beans.factory.support.DefaultListableBeanFactory - Returning cached instance of singleton bean 'transactionManager'
DEBUG main org.springframework.transaction.jta.JtaTransactionManager - Participating in existing transaction
DEBUG main org.springframework.beans.factory.support.DefaultListableBeanFactory - Returning cached instance of singleton bean 'transactionManager'
DEBUG main org.springframework.transaction.jta.JtaTransactionManager - Participating in existing transaction
INFO main org.springframework.data.graph.neo4j.fieldaccess.DefaultEntityStateAccessors - User-defined constructor called on class class de.mpg.mis.neuesbibliothekssystem.misTree.domain.Char; created Node [Node[15950]]; Updating metamodel
DEBUG main org.springframework.data.graph.neo4j.support.SubReferenceNodeTypeStrategy - Created link to subref node: Node[7] with type: de.mpg.mis.neuesbibliothekssystem.misTree.domain.Char
DEBUG main org.springframework.data.graph.neo4j.support.SubReferenceNodeTypeStrategy - count on ref Node[3] for class Tree = 15945
DEBUG main org.springframework.data.graph.neo4j.support.SubReferenceNodeTypeStrategy - count on ref Node[4] for class IndexNode = 15945
DEBUG main org.springframework.data.graph.neo4j.support.SubReferenceNodeTypeStrategy - count on ref Node[5] for class Object = 15945
DEBUG main org.springframework.beans.factory.support.DefaultListableBeanFactory - Returning cached instance of singleton bean 'transactionManager'
DEBUG main org.springframework.transaction.jta.JtaTransactionManager - Participating in existing transaction
DEBUG main org.springframework.beans.factory.support.DefaultListableBeanFactory - Returning cached instance of singleton bean 'transactionManager'
DEBUG main org.springframework.transaction.jta.JtaTransactionManager - Participating in existing transaction
INFO main org.springframework.data.graph.neo4j.fieldaccess.DefaultEntityStateAccessors - User-defined constructor called on class class de.mpg.mis.neuesbibliothekssystem.misTree.domain.Char; created Node [Node[15951]]; Updating metamodel
DEBUG main org.springframework.data.graph.neo4j.support.SubReferenceNodeTypeStrategy - Created link to subref node: Node[7] with type: de.mpg.mis.neuesbibliothekssystem.misTree.domain.Char
DEBUG main org.springframework.data.graph.neo4j.support.SubReferenceNodeTypeStrategy - count on ref Node[3] for class Tree = 15946
DEBUG main org.springframework.data.graph.neo4j.support.SubReferenceNodeTypeStrategy - count on ref Node[4] for class IndexNode = 15946
DEBUG main org.springframework.data.graph.neo4j.support.SubReferenceNodeTypeStrategy - count on ref Node[5] for class Object = 15946
DEBUG main org.springframework.beans.factory.support.DefaultListableBeanFactory - Returning cached instance of singleton bean 'transactionManager'
DEBUG main org.springframework.transaction.jta.JtaTransactionManager - Participating in existing transaction
DEBUG main org.springframework.beans.factory.support.DefaultListableBeanFactory - Returning cached instance of singleton bean 'transactionManager'
DEBUG main org.springframework.transaction.jta.JtaTransactionManager - Participating in existing transaction
DEBUG main org.springframework.data.graph.neo4j.support.SubReferenceNodeTypeStrategy - Found class Char for node: Node[6]
INFO main org.springframework.data.graph.neo4j.support.node.Neo4jConstructorGraphEntityInstantiator - Using class de.mpg.mis.neuesbibliothekssystem.misTree.domain.Char no-arg constructor
DEBUG main org.springframework.beans.factory.support.DefaultListableBeanFactory - Returning cached instance of singleton bean 'transactionManager'
DEBUG main org.springframework.transaction.jta.JtaTransactionManager - Participating in existing transaction
DEBUG main org.springframework.beans.factory.support.DefaultListableBeanFactory - Returning cached instance of singleton bean 'transactionManager'
DEBUG main org.springframework.transaction.jta.JtaTransactionManager - Participating in existing transaction
DEBUG main org.springframework.data.graph.neo4j.support.SubReferenceNodeTypeStrategy - Found class Char for node: Node[8]
INFO main org.springframework.data.graph.neo4j.support.node.Neo4jConstructorGraphEntityInstantiator - Using class de.mpg.mis.neuesbibliothekssystem.misTree.domain.Char no-arg constructor
DEBUG main org.springframework.beans.factory.support.DefaultListableBeanFactory - Returning cached instance of singleton bean 'transactionManager'
DEBUG main org.springframework.transaction.jta.JtaTransactionManager - Participating in existing transaction
DEBUG main org.springframework.beans.factory.support.DefaultListableBeanFactory - Returning cached instance of singleton bean 'transactionManager'
DEBUG main org.springframework.transaction.jta.JtaTransactionManager - Participating in existing transaction
DEBUG main org.springframework.data.graph.neo4j.support.SubReferenceNodeTypeStrategy - Found class Char for node: Node[9]
INFO main org.springframework.data.graph.neo4j.support.node.Neo4jConstructorGraphEntityInstantiator - Using class de.mpg.mis.neuesbibliothekssystem.misTree.domain.Char no-arg constructor
DEBUG main org.springframework.beans.factory.support.DefaultListableBeanFactory - Returning cached instance of singleton bean 'transactionManager'
DEBUG main org.springframework.transaction.jta.JtaTransactionManager - Participating in existing transaction
DEBUG main org.springframework.beans.factory.support.DefaultListableBeanFactory - Returning cached instance of singleton bean 'transactionManager'
DEBUG main org.springframework.transaction.jta.JtaTransactionManager - Participating in existing transaction
DEBUG main org.springframework.data.graph.neo4j.support.SubReferenceNodeTypeStrategy - Found class Char for node: Node[10]
INFO main org.springframework.data.graph.neo4j.support.node.Neo4jConstructorGraphEntityInstantiator - Using class de.mpg.mis.neuesbibliothekssystem.misTree.domain.Char no-arg constructor
DEBUG main org.springframework.beans.factory.support.DefaultListableBeanFactory - Returning cached instance of singleton bean 'transactionManager'
DEBUG main org.springframework.transaction.jta.JtaTransactionManager - Participating in existing transaction
DEBUG main org.springframework.beans.factory.support.DefaultListableBeanFactory - Returning cached instance of singleton bean 'transactionManager'
DEBUG main org.springframework.transaction.jta.JtaTransactionManager - Participating in existing transaction
DEBUG main org.springframework.data.graph.neo4j.support.SubReferenceNodeTypeStrategy - Found class Char for node: Node[11]
INFO main org.springframework.data.graph.neo4j.support.node.Neo4jConstructorGraphEntityInstantiator - Using class de.mpg.mis.neuesbibliothekssystem.misTree.domain.Char no-arg constructor
DEBUG main org.springframework.data.graph.neo4j.support.SubReferenceNodeTypeStrategy - Found class Char for node: Node[13711]
INFO main org.springframework.data.graph.neo4j.support.node.Neo4jConstructorGraphEntityInstantiator - Using class de.mpg.mis.neuesbibliothekssystem.misTree.domain.Char no-arg constructor
DEBUG main org.springframework.beans.factory.support.DefaultListableBeanFactory - Returning cached instance of singleton bean 'transactionManager'
DEBUG main org.springframework.transaction.jta.JtaTransactionManager - Participating in existing transaction
DEBUG main org.springframework.beans.factory.support.DefaultListableBeanFactory - Returning cached instance of singleton bean 'transactionManager'
DEBUG main org.springframework.transaction.jta.JtaTransactionManager - Participating in existing transaction
DEBUG main org.springframework.data.graph.neo4j.support.SubReferenceNodeTypeStrategy - Found class Char for node: Node[13712]
INFO main org.springframework.data.graph.neo4j.support.node.Neo4jConstructorGraphEntityInstantiator - Using class de.mpg.mis.neuesbibliothekssystem.misTree.domain.Char no-arg constructor
DEBUG main org.springframework.data.graph.neo4j.support.SubReferenceNodeTypeStrategy - Found class Char for node: Node[15669]
INFO main org.springframework.data.graph.neo4j.support.node.Neo4jConstructorGraphEntityInstantiator - Using class de.mpg.mis.neuesbibliothekssystem.misTree.domain.Char no-arg constructor
DEBUG main org.springframework.beans.factory.support.DefaultListableBeanFactory - Returning cached instance of singleton bean 'transactionManager'
DEBUG main org.springframework.transaction.jta.JtaTransactionManager - Participating in existing transaction
DEBUG main org.springframework.beans.factory.support.DefaultListableBeanFactory - Returning cached instance of singleton bean 'transactionManager'
DEBUG main org.springframework.transaction.jta.JtaTransactionManager - Participating in existing transaction
DEBUG main org.springframework.data.graph.neo4j.support.SubReferenceNodeTypeStrategy - Found class Char for node: Node[15670]
INFO main org.springframework.data.graph.neo4j.support.node.Neo4jConstructorGraphEntityInstantiator - Using class de.mpg.mis.neuesbibliothekssystem.misTree.domain.Char no-arg constructor
DEBUG main org.springframework.beans.factory.support.DefaultListableBeanFactory - Returning cached instance of singleton bean 'transactionManager'
DEBUG main org.springframework.transaction.jta.JtaTransactionManager - Participating in existing transaction
DEBUG main org.springframework.beans.factory.support.DefaultListableBeanFactory - Returning cached instance of singleton bean 'transactionManager'
DEBUG main org.springframework.transaction.jta.JtaTransactionManager - Participating in existing transaction
DEBUG main org.springframework.data.graph.neo4j.support.SubReferenceNodeTypeStrategy - Found class Char for node: Node[15736]
INFO main org.springframework.data.graph.neo4j.support.node.Neo4jConstructorGraphEntityInstantiator - Using class de.mpg.mis.neuesbibliothekssystem.misTree.domain.Char no-arg constructor
DEBUG main org.springframework.data.graph.neo4j.support.SubReferenceNodeTypeStrategy - Found class Char for node: Node[15931]
INFO main org.springframework.data.graph.neo4j.support.node.Neo4jConstructorGraphEntityInstantiator - Using class de.mpg.mis.neuesbibliothekssystem.misTree.domain.Char no-arg constructor
DEBUG main org.springframework.data.graph.neo4j.support.SubReferenceNodeTypeStrategy - Found class Char for node: Node[15801]
INFO main org.springframework.data.graph.neo4j.support.node.Neo4jConstructorGraphEntityInstantiator - Using class de.mpg.mis.neuesbibliothekssystem.misTree.domain.Char no-arg constructor
DEBUG main org.springframework.data.graph.neo4j.support.SubReferenceNodeTypeStrategy - Found class Char for node: Node[15866]
INFO main org.springframework.data.graph.neo4j.support.node.Neo4jConstructorGraphEntityInstantiator - Using class de.mpg.mis.neuesbibliothekssystem.misTree.domain.Char no-arg constructor
DEBUG main org.springframework.data.graph.neo4j.support.SubReferenceNodeTypeStrategy - Found class Char for node: Node[15671]
INFO main org.springframework.data.graph.neo4j.support.node.Neo4jConstructorGraphEntityInstantiator - Using class de.mpg.mis.neuesbibliothekssystem.misTree.domain.Char no-arg constructor
DEBUG main org.springframework.beans.factory.support.DefaultListableBeanFactory - Returning cached instance of singleton bean 'transactionManager'
DEBUG main org.springframework.transaction.jta.JtaTransactionManager - Participating in existing transaction
DEBUG main org.springframework.beans.factory.support.DefaultListableBeanFactory - Returning cached instance of singleton bean 'transactionManager'
DEBUG main org.springframework.transaction.jta.JtaTransactionManager - Participating in existing transaction
DEBUG main org.springframework.data.graph.neo4j.support.SubReferenceNodeTypeStrategy - Found class Char for node: Node[15932]
INFO main org.springframework.data.graph.neo4j.support.node.Neo4jConstructorGraphEntityInstantiator - Using class de.mpg.mis.neuesbibliothekssystem.misTree.domain.Char no-arg constructor
DEBUG main org.springframework.data.graph.neo4j.support.SubReferenceNodeTypeStrategy - Found class Char for node: Node[15948]
INFO main org.springframework.data.graph.neo4j.support.node.Neo4jConstructorGraphEntityInstantiator - Using class de.mpg.mis.neuesbibliothekssystem.misTree.domain.Char no-arg constructor
DEBUG main org.springframework.beans.factory.support.DefaultListableBeanFactory - Returning cached instance of singleton bean 'transactionManager'
DEBUG main org.springframework.transaction.jta.JtaTransactionManager - Participating in existing transaction
DEBUG main org.springframework.beans.factory.support.DefaultListableBeanFactory - Returning cached instance of singleton bean 'transactionManager'
DEBUG main org.springframework.transaction.jta.JtaTransactionManager - Participating in existing transaction
DEBUG main org.springframework.data.graph.neo4j.support.SubReferenceNodeTypeStrategy - Found class Char for node: Node[15949]
INFO main org.springframework.data.graph.neo4j.support.node.Neo4jConstructorGraphEntityInstantiator - Using class de.mpg.mis.neuesbibliothekssystem.misTree.domain.Char no-arg constructor
DEBUG main org.springframework.beans.factory.support.DefaultListableBeanFactory - Returning cached instance of singleton bean 'transactionManager'
DEBUG main org.springframework.transaction.jta.JtaTransactionManager - Participating in existing transaction
DEBUG main org.springframework.beans.factory.support.DefaultListableBeanFactory - Returning cached instance of singleton bean 'transactionManager'
DEBUG main org.springframework.transaction.jta.JtaTransactionManager - Participating in existing transaction
DEBUG main org.springframework.data.graph.neo4j.support.SubReferenceNodeTypeStrategy - Found class Char for node: Node[15950]
INFO main org.springframework.data.graph.neo4j.support.node.Neo4jConstructorGraphEntityInstantiator - Using class de.mpg.mis.neuesbibliothekssystem.misTree.domain.Char no-arg constructor
INFO main org.springframework.data.graph.neo4j.fieldaccess.DefaultEntityStateAccessors - User-defined constructor called on class class de.mpg.mis.neuesbibliothekssystem.misTree.domain.Char; created Node [Node[15952]]; Updating metamodel
DEBUG main org.springframework.data.graph.neo4j.support.SubReferenceNodeTypeStrategy - Created link to subref node: Node[7] with type: de.mpg.mis.neuesbibliothekssystem.misTree.domain.Char
DEBUG main org.springframework.data.graph.neo4j.support.SubReferenceNodeTypeStrategy - count on ref Node[3] for class Tree = 15947
DEBUG main org.springframework.data.graph.neo4j.support.SubReferenceNodeTypeStrategy - count on ref Node[4] for class IndexNode = 15947
DEBUG main org.springframework.data.graph.neo4j.support.SubReferenceNodeTypeStrategy - count on ref Node[5] for class Object = 15947
DEBUG main org.springframework.beans.factory.support.DefaultListableBeanFactory - Returning cached instance of singleton bean 'transactionManager'
DEBUG main org.springframework.transaction.jta.JtaTransactionManager - Participating in existing transaction
DEBUG main org.springframework.beans.factory.support.DefaultListableBeanFactory - Returning cached instance of singleton bean 'transactionManager'
DEBUG main org.springframework.transaction.jta.JtaTransactionManager - Participating in existing transaction
INFO main org.springframework.data.graph.neo4j.fieldaccess.DefaultEntityStateAccessors - User-defined constructor called on class class de.mpg.mis.neuesbibliothekssystem.misTree.domain.Char; created Node [Node[15953]]; Updating metamodel
DEBUG main org.springframework.data.graph.neo4j.support.SubReferenceNodeTypeStrategy - Created link to subref node: Node[7] with type: de.mpg.mis.neuesbibliothekssystem.misTree.domain.Char
DEBUG main org.springframework.data.graph.neo4j.support.SubReferenceNodeTypeStrategy - count on ref Node[3] for class Tree = 15948
