-outxml
-source
1.6
-target
1.6
-classpath
D:\Daten\Kram\Drop\My Dropbox\mvn\repository\aopalliance\aopalliance\1.0\aopalliance-1.0.jar;D:\Daten\Kram\Drop\My Dropbox\mvn\repository\asm\asm\3.1\asm-3.1.jar;D:\Daten\Kram\Drop\My Dropbox\mvn\repository\cglib\cglib\2.2\cglib-2.2.jar;D:\Daten\Kram\Drop\My Dropbox\mvn\repository\cglib\cglib-nodep\2.2\cglib-nodep-2.2.jar;D:\Daten\Kram\Drop\My Dropbox\mvn\repository\javax\validation\validation-api\1.0.0.GA\validation-api-1.0.0.GA.jar;D:\Daten\Kram\Drop\My Dropbox\mvn\repository\junit\junit\4.8.1\junit-4.8.1.jar;D:\Daten\Kram\Drop\My Dropbox\mvn\repository\log4j\log4j\1.2.16\log4j-1.2.16.jar;D:\Daten\Kram\Drop\My Dropbox\mvn\repository\org\apache\geronimo\specs\geronimo-jta_1.1_spec\1.1.1\geronimo-jta_1.1_spec-1.1.1.jar;D:\Daten\Kram\Drop\My Dropbox\mvn\repository\org\apache\servicemix\bundles\org.apache.servicemix.bundles.lucene\3.0.1_2\org.apache.servicemix.bundles.lucene-3.0.1_2.jar;D:\Daten\Kram\Drop\My Dropbox\mvn\repository\org\apache\servicemix\bundles\org.apache.servicemix.bundles.netty\3.2.3.Final_1\org.apache.servicemix.bundles.netty-3.2.3.Final_1.jar;D:\Daten\Kram\Drop\My Dropbox\mvn\repository\org\apache\zookeeper\zookeeper\3.3.2\zookeeper-3.3.2.jar;D:\Daten\Kram\Drop\My Dropbox\mvn\repository\org\aspectj\aspectjrt\1.6.11.RELEASE\aspectjrt-1.6.11.RELEASE.jar;D:\Daten\Kram\Drop\My Dropbox\mvn\repository\org\hibernate\javax\persistence\hibernate-jpa-2.0-api\1.0.0.Final\hibernate-jpa-2.0-api-1.0.0.Final.jar;D:\Daten\Kram\Drop\My Dropbox\mvn\repository\org\neo4j\neo4j\1.3.M05\neo4j-1.3.M05.jar;D:\Daten\Kram\Drop\My Dropbox\mvn\repository\org\neo4j\neo4j-com\1.3.M05\neo4j-com-1.3.M05.jar;D:\Daten\Kram\Drop\My Dropbox\mvn\repository\org\neo4j\neo4j-graph-algo\1.3.M05\neo4j-graph-algo-1.3.M05.jar;D:\Daten\Kram\Drop\My Dropbox\mvn\repository\org\neo4j\neo4j-ha\1.3.M05\neo4j-ha-1.3.M05.jar;D:\Daten\Kram\Drop\My Dropbox\mvn\repository\org\neo4j\neo4j-kernel\1.3.M05\neo4j-kernel-1.3.M05.jar;D:\Daten\Kram\Drop\My Dropbox\mvn\repository\org\neo4j\neo4j-lucene-index\1.3.M05\neo4j-lucene-index-1.3.M05.jar;D:\Daten\Kram\Drop\My Dropbox\mvn\repository\org\neo4j\neo4j-management\1.3.M05\neo4j-management-1.3.M05.jar;D:\Daten\Kram\Drop\My Dropbox\mvn\repository\org\neo4j\neo4j-udc\1.3.M05\neo4j-udc-1.3.M05.jar;D:\Daten\Kram\Drop\My Dropbox\mvn\repository\org\slf4j\jcl-over-slf4j\1.6.1\jcl-over-slf4j-1.6.1.jar;D:\Daten\Kram\Drop\My Dropbox\mvn\repository\org\slf4j\slf4j-api\1.6.1\slf4j-api-1.6.1.jar;D:\Daten\Kram\Drop\My Dropbox\mvn\repository\org\slf4j\slf4j-log4j12\1.6.1\slf4j-log4j12-1.6.1.jar;D:\Daten\Kram\Drop\My Dropbox\mvn\repository\org\springframework\spring-aop\3.0.4.RELEASE\spring-aop-3.0.4.RELEASE.jar;D:\Daten\Kram\Drop\My Dropbox\mvn\repository\org\springframework\spring-asm\3.0.4.RELEASE\spring-asm-3.0.4.RELEASE.jar;D:\Daten\Kram\Drop\My Dropbox\mvn\repository\org\springframework\spring-aspects\3.0.4.RELEASE\spring-aspects-3.0.4.RELEASE.jar;D:\Daten\Kram\Drop\My Dropbox\mvn\repository\org\springframework\spring-beans\3.0.4.RELEASE\spring-beans-3.0.4.RELEASE.jar;D:\Daten\Kram\Drop\My Dropbox\mvn\repository\org\springframework\spring-context\3.0.4.RELEASE\spring-context-3.0.4.RELEASE.jar;D:\Daten\Kram\Drop\My Dropbox\mvn\repository\org\springframework\spring-context-support\3.0.4.RELEASE\spring-context-support-3.0.4.RELEASE.jar;D:\Daten\Kram\Drop\My Dropbox\mvn\repository\org\springframework\spring-core\3.0.4.RELEASE\spring-core-3.0.4.RELEASE.jar;D:\Daten\Kram\Drop\My Dropbox\mvn\repository\org\springframework\spring-expression\3.0.4.RELEASE\spring-expression-3.0.4.RELEASE.jar;D:\Daten\Kram\Drop\My Dropbox\mvn\repository\org\springframework\spring-jdbc\3.0.5.RELEASE\spring-jdbc-3.0.5.RELEASE.jar;D:\Daten\Kram\Drop\My Dropbox\mvn\repository\org\springframework\spring-orm\3.0.5.RELEASE\spring-orm-3.0.5.RELEASE.jar;D:\Daten\Kram\Drop\My Dropbox\mvn\repository\org\springframework\spring-test\3.0.4.RELEASE\spring-test-3.0.4.RELEASE.jar;D:\Daten\Kram\Drop\My Dropbox\mvn\repository\org\springframework\spring-tx\3.0.4.RELEASE\spring-tx-3.0.4.RELEASE.jar;D:\Daten\Kram\Drop\My Dropbox\mvn\repository\org\springframework\data\spring-data-commons-core\1.0.0.M6\spring-data-commons-core-1.0.0.M6.jar;D:\Daten\Kram\Drop\My Dropbox\mvn\repository\org\springframework\data\spring-data-graph-core\1.0.0.M5\spring-data-graph-core-1.0.0.M5.jar;D:\Daten\Kram\Drop\My Dropbox\mvn\repository\org\springframework\data\spring-data-neo4j\1.0.0.M5\spring-data-neo4j-1.0.0.M5.jar;D:\Daten\Java\Git-Repos\MPI-MIS-SearchIndex-Tree\target\classes
-aspectpath
D:\Daten\Kram\Drop\My Dropbox\mvn\repository\org\springframework\spring-aspects\3.0.4.RELEASE\spring-aspects-3.0.4.RELEASE.jar;D:\Daten\Kram\Drop\My Dropbox\mvn\repository\org\springframework\data\spring-data-neo4j\1.0.0.M5\spring-data-neo4j-1.0.0.M5.jar
-d
D:\Daten\Java\Git-Repos\MPI-MIS-SearchIndex-Tree\target\classes
D:\Daten\Java\Git-Repos\MPI-MIS-SearchIndex-Tree\src\main\java\de\mpg\mis\neuesbibliothekssystem\misTree\Start.java
D:\Daten\Java\Git-Repos\MPI-MIS-SearchIndex-Tree\src\main\java\de\mpg\mis\neuesbibliothekssystem\misTree\helper\Permutation.java
D:\Daten\Java\Git-Repos\MPI-MIS-SearchIndex-Tree\src\main\java\de\mpg\mis\neuesbibliothekssystem\misTree\domain\stereotypes\DomainObjectAware.java
D:\Daten\Java\Git-Repos\MPI-MIS-SearchIndex-Tree\src\main\java\de\mpg\mis\neuesbibliothekssystem\misTree\helper\TreeBuilderImpl.java
D:\Daten\Java\Git-Repos\MPI-MIS-SearchIndex-Tree\src\main\java\de\mpg\mis\neuesbibliothekssystem\misTree\helper\TreeHelperImpl.java
D:\Daten\Java\Git-Repos\MPI-MIS-SearchIndex-Tree\src\main\java\de\mpg\mis\neuesbibliothekssystem\misTree\helper\TreeHelper.java
D:\Daten\Java\Git-Repos\MPI-MIS-SearchIndex-Tree\src\main\java\de\mpg\mis\neuesbibliothekssystem\misTree\helper\TextParser.java
D:\Daten\Java\Git-Repos\MPI-MIS-SearchIndex-Tree\src\main\java\de\mpg\mis\neuesbibliothekssystem\misTree\domain\Char.java
D:\Daten\Java\Git-Repos\MPI-MIS-SearchIndex-Tree\src\main\java\de\mpg\mis\neuesbibliothekssystem\misTree\Boot.java
D:\Daten\Java\Git-Repos\MPI-MIS-SearchIndex-Tree\src\main\java\de\mpg\mis\neuesbibliothekssystem\misTree\domain\DomainObject.java
D:\Daten\Java\Git-Repos\MPI-MIS-SearchIndex-Tree\src\main\java\de\mpg\mis\neuesbibliothekssystem\misTree\domain\IndexNode.java
D:\Daten\Java\Git-Repos\MPI-MIS-SearchIndex-Tree\src\main\java\de\mpg\mis\neuesbibliothekssystem\misTree\domain\Leaf.java
D:\Daten\Java\Git-Repos\MPI-MIS-SearchIndex-Tree\src\main\java\de\mpg\mis\neuesbibliothekssystem\misTree\domain\Position.java
D:\Daten\Java\Git-Repos\MPI-MIS-SearchIndex-Tree\src\main\java\de\mpg\mis\neuesbibliothekssystem\misTree\domain\types\RelationshipType.java
D:\Daten\Java\Git-Repos\MPI-MIS-SearchIndex-Tree\src\main\java\de\mpg\mis\neuesbibliothekssystem\misTree\domain\Root.java
D:\Daten\Java\Git-Repos\MPI-MIS-SearchIndex-Tree\src\main\java\de\mpg\mis\neuesbibliothekssystem\misTree\domain\types\DomainObjectType.java
D:\Daten\Java\Git-Repos\MPI-MIS-SearchIndex-Tree\src\main\java\de\mpg\mis\neuesbibliothekssystem\misTree\domain\types\PositionType.java
D:\Daten\Java\Git-Repos\MPI-MIS-SearchIndex-Tree\src\main\java\de\mpg\mis\neuesbibliothekssystem\misTree\domain\DBSet.java
D:\Daten\Java\Git-Repos\MPI-MIS-SearchIndex-Tree\src\main\java\de\mpg\mis\neuesbibliothekssystem\misTree\helper\TreeBuilder.java
D:\Daten\Java\Git-Repos\MPI-MIS-SearchIndex-Tree\src\main\java\de\mpg\mis\neuesbibliothekssystem\misTree\domain\stereotypes\CharAware.java
D:\Daten\Java\Git-Repos\MPI-MIS-SearchIndex-Tree\src\main\java\de\mpg\mis\neuesbibliothekssystem\misTree\domain\Tree.java
D:\Daten\Java\Git-Repos\MPI-MIS-SearchIndex-Tree\src\main\java\de\mpg\mis\neuesbibliothekssystem\misTree\domain\DomainObjectAwareTree.java
